<?xml version="1.0" encoding="UTF-8" standalone="yes"?><!DOCTYPE report PUBLIC "-//JACOCO//DTD Report 1.1//EN" "report.dtd"><report name="YearBisiesto"><sessioninfo id="Jorge-9f54ece7" start="1671125113299" dump="1671125114073"/><sessioninfo id="Jorge-32754d61" start="1671125387283" dump="1671125388118"/><sessioninfo id="Jorge-ba1ec2da" start="1671368892344" dump="1671368892814"/><sessioninfo id="Jorge-830f7c06" start="1671369148349" dump="1671369148693"/><sessioninfo id="Jorge-b7998d" start="1671369189827" dump="1671369190209"/><sessioninfo id="Jorge-bd56e57c" start="1671370501723" dump="1671370502100"/><sessioninfo id="Jorge-94144ece" start="1671620624257" dump="1671620625339"/><sessioninfo id="Jorge-e5f037a7" start="1671621653124" dump="1671621653542"/><sessioninfo id="Jorge-2cb61cc2" start="1671622173627" dump="1671622174102"/><sessioninfo id="Jorge-3b43410e" start="1671622280078" dump="1671622280441"/><sessioninfo id="Jorge-8db565c1" start="1671622394149" dump="1671622394566"/><sessioninfo id="Jorge-9c13e756" start="1671622560535" dump="1671622560949"/><sessioninfo id="Jorge-b9fb609a" start="1671622730810" dump="1671622731295"/><sessioninfo id="Jorge-d7efd81e" start="1671623042781" dump="1671623043195"/><sessioninfo id="Jorge-7ae5b481" start="1671623194656" dump="1671623195664"/><sessioninfo id="Jorge-a60a801c" start="1671623260798" dump="1671623261351"/><sessioninfo id="Jorge-471a75e3" start="1671623437586" dump="1671623438018"/><sessioninfo id="Jorge-206f72d5" start="1671623615605" dump="1671623615976"/><sessioninfo id="Jorge-4c239228" start="1671623754256" dump="1671623754613"/><sessioninfo id="Jorge-19298049" start="1671624112403" dump="1671624112872"/><sessioninfo id="Jorge-86cbb63a" start="1671624275228" dump="1671624275987"/><sessioninfo id="Jorge-cefafc24" start="1671624478502" dump="1671624478933"/><sessioninfo id="Jorge-fe7c0b97" start="1671624738738" dump="1671624739117"/><sessioninfo id="Jorge-fe49a1bf" start="1671624835582" dump="1671624836002"/><sessioninfo id="Jorge-9cdc0b90" start="1671625421134" dump="1671625421545"/><sessioninfo id="Jorge-86829d6" start="1671625674054" dump="1671625674471"/><sessioninfo id="Jorge-88f42bd7" start="1671625785954" dump="1671625786353"/><sessioninfo id="Jorge-75e586d4" start="1671625875734" dump="1671625876101"/><sessioninfo id="Jorge-c2ecf09d" start="1671626266249" dump="1671626266647"/><sessioninfo id="Jorge-1822c1f5" start="1671628035852" dump="1671628036121"/><sessioninfo id="Jorge-1a0520b7" start="1671628232031" dump="1671628232289"/><sessioninfo id="Jorge-1393c9ba" start="1671628303681" dump="1671628303951"/><sessioninfo id="Jorge-7fe0f44f" start="1671628356490" dump="1671628356720"/><sessioninfo id="Jorge-abaf26b1" start="1671628935422" dump="1671628935683"/><sessioninfo id="Jorge-e0c433bd" start="1671629168110" dump="1671629168368"/><sessioninfo id="Jorge-720f8c7e" start="1671629847863" dump="1671629848095"/><sessioninfo id="Jorge-69468fb0" start="1671629940595" dump="1671629940892"/><sessioninfo id="Jorge-3a265ffd" start="1671629989794" dump="1671629990027"/><sessioninfo id="Jorge-864957fc" start="1671630356395" dump="1671630356735"/><package name="ISO_C01_G01/YearBisiesto"><class name="ISO_C01_G01/YearBisiesto/calculoBisiesto" sourcefilename="calculoBisiesto.java"><method name="&lt;init&gt;" desc="()V" line="6"><counter type="INSTRUCTION" missed="3" covered="0"/><counter type="LINE" missed="1" covered="0"/><counter type="COMPLEXITY" missed="1" covered="0"/><counter type="METHOD" missed="1" covered="0"/></method><method name="main" desc="([Ljava/lang/String;)V" line="12"><counter type="INSTRUCTION" missed="1" covered="0"/><counter type="LINE" missed="1" covered="0"/><counter type="COMPLEXITY" missed="1" covered="0"/><counter type="METHOD" missed="1" covered="0"/></method><method name="comprobarDatos" desc="(LISO_C01_G01/YearBisiesto/fechaP;)Ljava/lang/String;" line="16"><counter type="INSTRUCTION" missed="4" covered="28"/><counter type="BRANCH" missed="2" covered="8"/><counter type="LINE" missed="2" covered="8"/><counter type="COMPLEXITY" missed="2" covered="4"/><counter type="METHOD" missed="0" covered="1"/></method><method name="comprobarBisiesto" desc="(LISO_C01_G01/YearBisiesto/fechaP;)Ljava/lang/String;" line="34"><counter type="INSTRUCTION" missed="0" covered="19"/><counter type="BRANCH" missed="2" covered="4"/><counter type="LINE" missed="0" covered="5"/><counter type="COMPLEXITY" missed="2" covered="2"/><counter type="METHOD" missed="0" covered="1"/></method><counter type="INSTRUCTION" missed="8" covered="47"/><counter type="BRANCH" missed="4" covered="12"/><counter type="LINE" missed="4" covered="13"/><counter type="COMPLEXITY" missed="6" covered="6"/><counter type="METHOD" missed="2" covered="2"/><counter type="CLASS" missed="0" covered="1"/></class><class name="ISO_C01_G01/YearBisiesto/Excepcion" sourcefilename="Excepcion.java"><method name="&lt;init&gt;" desc="(Ljava/lang/String;)V" line="8"><counter type="INSTRUCTION" missed="6" covered="0"/><counter type="LINE" missed="3" covered="0"/><counter type="COMPLEXITY" missed="1" covered="0"/><counter type="METHOD" missed="1" covered="0"/></method><method name="toString" desc="()Ljava/lang/String;" line="14"><counter type="INSTRUCTION" missed="2" covered="0"/><counter type="LINE" missed="1" covered="0"/><counter type="COMPLEXITY" missed="1" covered="0"/><counter type="METHOD" missed="1" covered="0"/></method><counter type="INSTRUCTION" missed="8" covered="0"/><counter type="LINE" missed="4" covered="0"/><counter type="COMPLEXITY" missed="2" covered="0"/><counter type="METHOD" missed="2" covered="0"/><counter type="CLASS" missed="1" covered="0"/></class><class name="ISO_C01_G01/YearBisiesto/fechaP" sourcefilename="fechaP.java"><method name="&lt;init&gt;" desc="(III)V" line="7"><counter type="INSTRUCTION" missed="0" covered="12"/><counter type="LINE" missed="0" covered="5"/><counter type="COMPLEXITY" missed="0" covered="1"/><counter type="METHOD" missed="0" covered="1"/></method><method name="getDia" desc="()I" line="14"><counter type="INSTRUCTION" missed="0" covered="3"/><counter type="LINE" missed="0" covered="1"/><counter type="COMPLEXITY" missed="0" covered="1"/><counter type="METHOD" missed="0" covered="1"/></method><method name="setDia" desc="(I)V" line="17"><counter type="INSTRUCTION" missed="0" covered="4"/><counter type="LINE" missed="0" covered="2"/><counter type="COMPLEXITY" missed="0" covered="1"/><counter type="METHOD" missed="0" covered="1"/></method><method name="getMes" desc="()I" line="20"><counter type="INSTRUCTION" missed="0" covered="3"/><counter type="LINE" missed="0" covered="1"/><counter type="COMPLEXITY" missed="0" covered="1"/><counter type="METHOD" missed="0" covered="1"/></method><method name="setMes" desc="(I)V" line="23"><counter type="INSTRUCTION" missed="0" covered="4"/><counter type="LINE" missed="0" covered="2"/><counter type="COMPLEXITY" missed="0" covered="1"/><counter type="METHOD" missed="0" covered="1"/></method><method name="getAnno" desc="()I" line="26"><counter type="INSTRUCTION" missed="0" covered="3"/><counter type="LINE" missed="0" covered="1"/><counter type="COMPLEXITY" missed="0" covered="1"/><counter type="METHOD" missed="0" covered="1"/></method><method name="setAnno" desc="(I)V" line="29"><counter type="INSTRUCTION" missed="0" covered="4"/><counter type="LINE" missed="0" covered="2"/><counter type="COMPLEXITY" missed="0" covered="1"/><counter type="METHOD" missed="0" covered="1"/></method><counter type="INSTRUCTION" missed="0" covered="33"/><counter type="LINE" missed="0" covered="14"/><counter type="COMPLEXITY" missed="0" covered="7"/><counter type="METHOD" missed="0" covered="7"/><counter type="CLASS" missed="0" covered="1"/></class><sourcefile name="fechaP.java"><line nr="7" mi="0" ci="2" mb="0" cb="0"/><line nr="8" mi="0" ci="3" mb="0" cb="0"/><line nr="9" mi="0" ci="3" mb="0" cb="0"/><line nr="10" mi="0" ci="3" mb="0" cb="0"/><line nr="11" mi="0" ci="1" mb="0" cb="0"/><line nr="14" mi="0" ci="3" mb="0" cb="0"/><line nr="17" mi="0" ci="3" mb="0" cb="0"/><line nr="18" mi="0" ci="1" mb="0" cb="0"/><line nr="20" mi="0" ci="3" mb="0" cb="0"/><line nr="23" mi="0" ci="3" mb="0" cb="0"/><line nr="24" mi="0" ci="1" mb="0" cb="0"/><line nr="26" mi="0" ci="3" mb="0" cb="0"/><line nr="29" mi="0" ci="3" mb="0" cb="0"/><line nr="30" mi="0" ci="1" mb="0" cb="0"/><counter type="INSTRUCTION" missed="0" covered="33"/><counter type="LINE" missed="0" covered="14"/><counter type="COMPLEXITY" missed="0" covered="7"/><counter type="METHOD" missed="0" covered="7"/><counter type="CLASS" missed="0" covered="1"/></sourcefile><sourcefile name="Excepcion.java"><line nr="8" mi="2" ci="0" mb="0" cb="0"/><line nr="9" mi="3" ci="0" mb="0" cb="0"/><line nr="10" mi="1" ci="0" mb="0" cb="0"/><line nr="14" mi="2" ci="0" mb="0" cb="0"/><counter type="INSTRUCTION" missed="8" covered="0"/><counter type="LINE" missed="4" covered="0"/><counter type="COMPLEXITY" missed="2" covered="0"/><counter type="METHOD" missed="2" covered="0"/><counter type="CLASS" missed="1" covered="0"/></sourcefile><sourcefile name="calculoBisiesto.java"><line nr="6" mi="3" ci="0" mb="0" cb="0"/><line nr="12" mi="1" ci="0" mb="0" cb="0"/><line nr="16" mi="0" ci="7" mb="1" cb="3"/><line nr="17" mi="0" ci="2" mb="0" cb="0"/><line nr="19" mi="0" ci="7" mb="1" cb="3"/><line nr="20" mi="0" ci="2" mb="0" cb="0"/><line nr="22" mi="0" ci="3" mb="0" cb="2"/><line nr="23" mi="0" ci="2" mb="0" cb="0"/><line nr="25" mi="1" ci="0" mb="0" cb="0"/><line nr="26" mi="3" ci="0" mb="0" cb="0"/><line nr="28" mi="0" ci="3" mb="0" cb="0"/><line nr="29" mi="0" ci="2" mb="0" cb="0"/><line nr="34" mi="0" ci="5" mb="0" cb="2"/><line nr="35" mi="0" ci="5" mb="1" cb="1"/><line nr="36" mi="0" ci="5" mb="1" cb="1"/><line nr="38" mi="0" ci="2" mb="0" cb="0"/><line nr="40" mi="0" ci="2" mb="0" cb="0"/><counter type="INSTRUCTION" missed="8" covered="47"/><counter type="BRANCH" missed="4" covered="12"/><counter type="LINE" missed="4" covered="13"/><counter type="COMPLEXITY" missed="6" covered="6"/><counter type="METHOD" missed="2" covered="2"/><counter type="CLASS" missed="0" covered="1"/></sourcefile><counter type="INSTRUCTION" missed="16" covered="80"/><counter type="BRANCH" missed="4" covered="12"/><counter type="LINE" missed="8" covered="27"/><counter type="COMPLEXITY" missed="8" covered="13"/><counter type="METHOD" missed="4" covered="9"/><counter type="CLASS" missed="1" covered="2"/></package><counter type="INSTRUCTION" missed="16" covered="80"/><counter type="BRANCH" missed="4" covered="12"/><counter type="LINE" missed="8" covered="27"/><counter type="COMPLEXITY" missed="8" covered="13"/><counter type="METHOD" missed="4" covered="9"/><counter type="CLASS" missed="1" covered="2"/></report>